TN:
SF:/var/www/html/platziverse/platziverse-db/index.js
FN:9,(anonymous_0)
FNF:1
FNH:1
FNDA:9,(anonymous_0)
DA:3,9
DA:4,9
DA:5,9
DA:6,9
DA:7,9
DA:9,9
DA:10,9
DA:22,9
DA:23,9
DA:24,9
DA:27,9
DA:29,9
DA:31,9
DA:33,9
DA:34,0
DA:37,9
DA:38,9
DA:40,9
LF:18
LH:17
BRDA:33,0,0,0
BRDA:33,0,1,9
BRF:2
BRH:1
end_of_record
TN:
SF:/var/www/html/platziverse/platziverse-db/lib/agent.js
FN:2,setupAgent
FN:4,createOrUpdate
FN:22,findById
FN:26,findByUuid
FN:34,findAll
FN:38,findConnected
FN:46,findByUsername
FNF:7
FNH:7
FNDA:9,setupAgent
FNDA:2,createOrUpdate
FNDA:1,findById
FNDA:1,findByUuid
FNDA:1,findAll
FNDA:1,findConnected
FNDA:1,findByUsername
DA:2,1
DA:5,2
DA:11,2
DA:13,2
DA:14,1
DA:15,1
DA:18,1
DA:19,1
DA:23,1
DA:27,1
DA:35,1
DA:39,1
DA:47,1
DA:48,1
DA:56,9
LF:15
LH:15
BRDA:13,0,0,1
BRDA:13,0,1,1
BRDA:15,1,0,1
BRDA:15,1,1,0
BRF:4
BRH:3
end_of_record
TN:
SF:/var/www/html/platziverse/platziverse-db/lib/db.js
FN:5,setupDatabase
FNF:1
FNH:1
FNDA:9,setupDatabase
DA:3,1
DA:4,1
DA:5,1
DA:6,9
DA:7,1
DA:9,9
LF:6
LH:6
BRDA:6,0,0,1
BRDA:6,0,1,8
BRF:2
BRH:2
end_of_record
TN:
SF:/var/www/html/platziverse/platziverse-db/models/agent.js
FN:6,setupAngentModel
FNF:1
FNH:0
FNDA:0,setupAngentModel
DA:3,1
DA:4,1
DA:6,1
DA:7,0
DA:9,0
LF:5
LH:3
BRF:0
BRH:0
end_of_record
TN:
SF:/var/www/html/platziverse/platziverse-db/models/metric.js
FN:6,setupMetricModel
FNF:1
FNH:0
FNDA:0,setupMetricModel
DA:3,1
DA:4,1
DA:6,1
DA:7,0
DA:9,0
LF:5
LH:3
BRF:0
BRH:0
end_of_record
TN:
SF:/var/www/html/platziverse/platziverse-db/tests/fixtures/agent.js
FN:23,extend
FN:31,(anonymous_1)
FN:32,(anonymous_2)
FN:33,(anonymous_3)
FN:33,(anonymous_4)
FN:34,(anonymous_5)
FN:34,(anonymous_6)
FNF:7
FNH:7
FNDA:3,extend
FNDA:4,(anonymous_1)
FNDA:4,(anonymous_2)
FNDA:10,(anonymous_3)
FNDA:40,(anonymous_4)
FNDA:10,(anonymous_5)
FNDA:40,(anonymous_6)
DA:3,1
DA:15,1
DA:24,3
DA:25,3
DA:28,1
DA:31,4
DA:32,4
DA:33,40
DA:34,40
LF:9
LH:9
BRF:0
BRH:0
end_of_record
