TN:
SF:/var/www/html/platziverse/platziverse-db/index.js
FN:10,(anonymous_0)
FNF:1
FNH:1
FNDA:14,(anonymous_0)
DA:3,14
DA:4,14
DA:5,14
DA:6,14
DA:7,14
DA:8,14
DA:10,14
DA:11,14
DA:23,14
DA:24,14
DA:25,14
DA:28,14
DA:30,14
DA:32,14
DA:34,14
DA:35,0
DA:38,14
DA:39,14
DA:41,14
LF:19
LH:18
BRDA:34,0,0,0
BRDA:34,0,1,14
BRF:2
BRH:1
end_of_record
TN:
SF:/var/www/html/platziverse/platziverse-db/lib/agent.js
FN:2,setupAgent
FN:4,createOrUpdate
FN:22,findById
FN:26,findByUuid
FN:34,findAll
FN:38,findConnected
FN:46,findByUsername
FNF:7
FNH:7
FNDA:14,setupAgent
FNDA:2,createOrUpdate
FNDA:1,findById
FNDA:1,findByUuid
FNDA:1,findAll
FNDA:1,findConnected
FNDA:1,findByUsername
DA:2,2
DA:5,2
DA:11,2
DA:13,2
DA:14,1
DA:15,1
DA:18,1
DA:19,1
DA:23,1
DA:27,1
DA:35,1
DA:39,1
DA:47,1
DA:55,14
LF:14
LH:14
BRDA:13,0,0,1
BRDA:13,0,1,1
BRDA:15,1,0,1
BRDA:15,1,1,0
BRF:4
BRH:3
end_of_record
TN:
SF:/var/www/html/platziverse/platziverse-db/lib/db.js
FN:5,setupDatabase
FNF:1
FNH:1
FNDA:14,setupDatabase
DA:3,2
DA:4,2
DA:5,2
DA:6,14
DA:7,2
DA:9,14
LF:6
LH:6
BRDA:6,0,0,2
BRDA:6,0,1,12
BRF:2
BRH:2
end_of_record
TN:
SF:/var/www/html/platziverse/platziverse-db/lib/metric.js
FN:3,setupMetric
FN:4,findByAgentUuid
FN:17,findByTypeAgentUuid
FN:33,create
FNF:4
FNH:4
FNDA:14,setupMetric
FNDA:1,findByAgentUuid
FNDA:1,findByTypeAgentUuid
FNDA:1,create
DA:3,2
DA:5,1
DA:18,1
DA:34,1
DA:37,1
DA:38,1
DA:39,1
DA:40,1
DA:44,14
LF:9
LH:9
BRDA:37,0,0,1
BRDA:37,0,1,0
BRF:2
BRH:1
end_of_record
TN:
SF:/var/www/html/platziverse/platziverse-db/models/agent.js
FN:6,setupAngentModel
FNF:1
FNH:0
FNDA:0,setupAngentModel
DA:3,2
DA:4,2
DA:6,2
DA:7,0
DA:9,0
LF:5
LH:3
BRF:0
BRH:0
end_of_record
TN:
SF:/var/www/html/platziverse/platziverse-db/models/metric.js
FN:6,setupMetricModel
FNF:1
FNH:0
FNDA:0,setupMetricModel
DA:3,2
DA:4,2
DA:6,2
DA:7,0
DA:9,0
LF:5
LH:3
BRF:0
BRH:0
end_of_record
TN:
SF:/var/www/html/platziverse/platziverse-db/tests/fixtures/agent.js
FN:23,extend
FN:31,(anonymous_1)
FN:32,(anonymous_2)
FN:33,(anonymous_3)
FN:33,(anonymous_4)
FN:34,(anonymous_5)
FN:34,(anonymous_6)
FNF:7
FNH:7
FNDA:6,extend
FNDA:8,(anonymous_1)
FNDA:8,(anonymous_2)
FNDA:15,(anonymous_3)
FNDA:60,(anonymous_4)
FNDA:12,(anonymous_5)
FNDA:48,(anonymous_6)
DA:3,2
DA:15,2
DA:24,6
DA:25,6
DA:28,2
DA:31,8
DA:32,8
DA:33,60
DA:34,48
LF:9
LH:9
BRF:0
BRH:0
end_of_record
TN:
SF:/var/www/html/platziverse/platziverse-db/tests/fixtures/metric.js
FN:27,(anonymous_0)
FN:27,(anonymous_1)
FN:27,(anonymous_2)
FN:27,(anonymous_3)
FN:28,(anonymous_4)
FN:28,(anonymous_5)
FN:29,(anonymous_6)
FN:37,(anonymous_7)
FNF:8
FNH:8
FNDA:7,(anonymous_0)
FNDA:28,(anonymous_1)
FNDA:21,(anonymous_2)
FNDA:21,(anonymous_3)
FNDA:7,(anonymous_4)
FNDA:28,(anonymous_5)
FNDA:21,(anonymous_6)
FNDA:14,(anonymous_7)
DA:3,1
DA:4,1
DA:6,1
DA:8,1
DA:17,1
DA:24,1
DA:27,28
DA:28,28
DA:30,21
DA:36,21
DA:38,14
LF:11
LH:11
BRDA:28,0,0,28
BRDA:28,0,1,21
BRF:2
BRH:2
end_of_record
TN:
SF:/var/www/html/platziverse/platziverse-db/utils/index.js
FN:3,extend
FN:8,sortBy
FN:9,(anonymous_2)
FNF:3
FNH:1
FNDA:3,extend
FNDA:0,sortBy
FNDA:0,(anonymous_2)
DA:4,3
DA:5,3
DA:9,0
DA:10,0
DA:11,0
DA:13,0
DA:14,0
DA:15,0
DA:16,0
DA:18,0
DA:23,1
LF:11
LH:3
BRDA:13,0,0,0
BRDA:13,0,1,0
BRDA:15,1,0,0
BRDA:15,1,1,0
BRF:4
BRH:0
end_of_record
